<?xml version="1.0" encoding="UTF-8"?>
<testsuites name="jest tests" tests="1" failures="0" time="4.829">
  <testsuite name="helloWorld" errors="0" failures="0" skipped="0" timestamp="2020-11-07T02:49:50" time="1.273" tests="1">
    <testcase classname="helloWorld should add numbers Sync fluent" name="helloWorld should add numbers Sync fluent" time="0.002">
    </testcase>
  </testsuite>
</testsuites>